Using pre-set license
Built from '2020.3/staging' branch; Version is '2020.3.17f1 (a4537701e4ab) revision 10769271'; Using compiler version '192528614'; Build Type 'Release'
OS: 'Windows 10 Home; OS build 22621.3007; Version 2009; 64bit' Language: 'en' Physical Memory: 81748 MB
BatchMode: 1, IsHumanControllingUs: 0, StartBugReporterOnCrash: 0, Is64bit: 1, IsPro: 0

COMMAND LINE ARGUMENTS:
C:\Program Files\Unity\Hub\Editor\2020.3.17f1\Editor\Unity.exe
-adb2
-batchMode
-noUpm
-name
AssetImportWorker0
-projectPath
C:/Repos/Visualizer/Vizualizer
-logFile
Logs/AssetImportWorker0.log
-srvPort
64966
Successfully changed project path to: C:/Repos/Visualizer/Vizualizer
C:/Repos/Visualizer/Vizualizer
Using Asset Import Pipeline V2.
Refreshing native plugins compatible for Editor in 37.87 ms, found 5 plugins.
Preloading 0 native plugins for Editor in 0.00 ms.
Initialize engine version: 2020.3.17f1 (a4537701e4ab)
[Subsystems] Discovering subsystems at path C:/Program Files/Unity/Hub/Editor/2020.3.17f1/Editor/Data/Resources/UnitySubsystems
[Subsystems] Discovering subsystems at path C:/Repos/Visualizer/Vizualizer/Assets
GfxDevice: creating device client; threaded=0
Direct3D:
    Version:  Direct3D 11.0 [level 11.1]
    Renderer: NVIDIA GeForce RTX 3070 (ID=0x2488)
    Vendor:   
    VRAM:     8032 MB
    Driver:   31.0.15.4584
Initialize mono
Mono path[0] = 'C:/Program Files/Unity/Hub/Editor/2020.3.17f1/Editor/Data/Managed'
Mono path[1] = 'C:/Program Files/Unity/Hub/Editor/2020.3.17f1/Editor/Data/MonoBleedingEdge/lib/mono/unityjit'
Mono config path = 'C:/Program Files/Unity/Hub/Editor/2020.3.17f1/Editor/Data/MonoBleedingEdge/etc'
Using monoOptions --debugger-agent=transport=dt_socket,embedding=1,server=y,suspend=n,address=127.0.0.1:56608
Begin MonoManager ReloadAssembly
Registering precompiled unity dll's ...
Register platform support module: C:/Program Files/Unity/Hub/Editor/2020.3.17f1/Editor/Data/PlaybackEngines/WindowsStandaloneSupport/UnityEditor.WindowsStandalone.Extensions.dll
Registered in 0.000856 seconds.
Native extension for WindowsStandalone target not found
Refreshing native plugins compatible for Editor in 33.47 ms, found 5 plugins.
Preloading 0 native plugins for Editor in 0.00 ms.
Mono: successfully reloaded assembly
- Completed reload, in  1.572 seconds
Domain Reload Profiling:
	ReloadAssembly (1572ms)
		BeginReloadAssembly (38ms)
			ExecutionOrderSort (0ms)
			DisableScriptedObjects (0ms)
			BackupInstance (0ms)
			ReleaseScriptingObjects (0ms)
			CreateAndSetChildDomain (1ms)
		EndReloadAssembly (308ms)
			LoadAssemblies (37ms)
			RebuildTransferFunctionScriptingTraits (0ms)
			SetupTypeCache (103ms)
			ReleaseScriptCaches (0ms)
			RebuildScriptCaches (22ms)
			SetupLoadedEditorAssemblies (129ms)
				LogAssemblyErrors (0ms)
				InitializePlatformSupportModulesInManaged (3ms)
				SetLoadedEditorAssemblies (0ms)
				RefreshPlugins (34ms)
				BeforeProcessingInitializeOnLoad (14ms)
				ProcessInitializeOnLoadAttributes (58ms)
				ProcessInitializeOnLoadMethodAttributes (20ms)
				AfterProcessingInitializeOnLoad (0ms)
				EditorAssembliesLoaded (0ms)
			ExecutionOrderSort2 (0ms)
			AwakeInstancesAfterBackupRestoration (0ms)
Platform modules already initialized, skipping
Registering precompiled user dll's ...
Registered in 0.002883 seconds.
Begin MonoManager ReloadAssembly
Native extension for WindowsStandalone target not found
Refreshing native plugins compatible for Editor in 0.42 ms, found 5 plugins.
Preloading 0 native plugins for Editor in 0.00 ms.
Mono: successfully reloaded assembly
- Completed reload, in  0.766 seconds
Domain Reload Profiling:
	ReloadAssembly (767ms)
		BeginReloadAssembly (101ms)
			ExecutionOrderSort (0ms)
			DisableScriptedObjects (3ms)
			BackupInstance (0ms)
			ReleaseScriptingObjects (0ms)
			CreateAndSetChildDomain (14ms)
		EndReloadAssembly (627ms)
			LoadAssemblies (56ms)
			RebuildTransferFunctionScriptingTraits (0ms)
			SetupTypeCache (177ms)
			ReleaseScriptCaches (0ms)
			RebuildScriptCaches (44ms)
			SetupLoadedEditorAssemblies (283ms)
				LogAssemblyErrors (0ms)
				InitializePlatformSupportModulesInManaged (4ms)
				SetLoadedEditorAssemblies (0ms)
				RefreshPlugins (0ms)
				BeforeProcessingInitializeOnLoad (57ms)
				ProcessInitializeOnLoadAttributes (216ms)
				ProcessInitializeOnLoadMethodAttributes (3ms)
				AfterProcessingInitializeOnLoad (3ms)
				EditorAssembliesLoaded (0ms)
			ExecutionOrderSort2 (0ms)
			AwakeInstancesAfterBackupRestoration (5ms)
Platform modules already initialized, skipping
========================================================================
Worker process is ready to serve import requests
Launched and connected shader compiler UnityShaderCompiler.exe after 0.02 seconds
Refreshing native plugins compatible for Editor in 0.50 ms, found 5 plugins.
Preloading 0 native plugins for Editor in 0.00 ms.
Unloading 2456 Unused Serialized files (Serialized files now loaded: 0)
System memory in use before: 148.7 MB.
System memory in use after: 148.9 MB.

Unloading 34 unused Assets to reduce memory usage. Loaded Objects now: 3043.
Total: 2.561600 ms (FindLiveObjects: 0.241000 ms CreateObjectMapping: 0.076000 ms MarkObjects: 2.154100 ms  DeleteObjects: 0.089400 ms)

AssetImportParameters requested are different than current active one (requested -> active):
  custom:framework-win-MediaFoundation: 216162199b28c13a410421893ffa2e32 -> 
  custom:video-decoder-ogg-theora: a1e56fd34408186e4bbccfd4996cb3dc -> 
  custom:container-muxer-webm: aa71ff27fc2769a1b78a27578f13a17b -> 
  custom:container-demuxer-webm: 4f35f7cbe854078d1ac9338744f61a02 -> 
  custom:container-demuxer-ogg: 62fdf1f143b41e24485cea50d1cbac27 -> 
  custom:video-encoder-webm-vp8: eb34c28f22e8b96e1ab97ce403110664 -> 
  custom:video-codec-MediaFoundation-h265: 746d11721c4dcdbdad8f713fa42b33f4 -> 
  custom:video-decoder-webm-vp8: 9c59270c3fd7afecdb556c50c9e8de78 -> 
  custom:audio-decoder-ogg-vorbis: bf7c407c2cedff20999df2af8eb42d56 -> 
  custom:audio-encoder-webm-vorbis: bf7c407c2cedff20999df2af8eb42d56 -> 
========================================================================
Received Import Request.
  path: Assets/NewShaderVariants.shadervariants
  artifactKey: Guid(3f4c9292610e444fb80683c9877f0843) Importer(815301076,1909f56bfc062723c751e8b465ee728b)
Start importing Assets/NewShaderVariants.shadervariants using Guid(3f4c9292610e444fb80683c9877f0843) Importer(815301076,1909f56bfc062723c751e8b465ee728b)  -> (artifact id: 'e5fdb64ed915ee27a1bcde0a116ef2ce') in 0.037184 seconds 
  Import took 0.040198 seconds .

========================================================================
Received Import Request.
  Time since last request: 932.182165 seconds.
  path: Assets/3_Scenes/Vis.unity
  artifactKey: Guid(d32a253f7b1514396a44a87fc6eea9ed) Importer(815301076,1909f56bfc062723c751e8b465ee728b)
Start importing Assets/3_Scenes/Vis.unity using Guid(d32a253f7b1514396a44a87fc6eea9ed) Importer(815301076,1909f56bfc062723c751e8b465ee728b)  -> (artifact id: '17534b7b94216388745e60faa2f885b3') in 0.005567 seconds 
  Import took 0.009117 seconds .

========================================================================
Received Import Request.
  Time since last request: 0.001599 seconds.
  path: Assets/3_Scenes/Vis.unity
  artifactKey: Guid(d32a253f7b1514396a44a87fc6eea9ed) Importer(815301076,1909f56bfc062723c751e8b465ee728b)
Start importing Assets/3_Scenes/Vis.unity using Guid(d32a253f7b1514396a44a87fc6eea9ed) Importer(815301076,1909f56bfc062723c751e8b465ee728b)  -> (artifact id: '17534b7b94216388745e60faa2f885b3') in 0.001484 seconds 
  Import took 0.004190 seconds .

========================================================================
Received Import Request.
  Time since last request: 1.730120 seconds.
  path: Assets/3_Scenes/Vis 1.unity
  artifactKey: Guid(690e573245e814051b1b0a618cd732b5) Importer(815301076,1909f56bfc062723c751e8b465ee728b)
Start importing Assets/3_Scenes/Vis 1.unity using Guid(690e573245e814051b1b0a618cd732b5) Importer(815301076,1909f56bfc062723c751e8b465ee728b)  -> (artifact id: 'fd81e83987d4a3ea74b8a00c64a8ae88') in 0.005485 seconds 
  Import took 0.008706 seconds .

========================================================================
Received Import Request.
  Time since last request: 1.832725 seconds.
  path: Assets/3_Scenes/Test.unity
  artifactKey: Guid(5e874b5813d274ed7859e5d8efa43891) Importer(815301076,1909f56bfc062723c751e8b465ee728b)
Start importing Assets/3_Scenes/Test.unity using Guid(5e874b5813d274ed7859e5d8efa43891) Importer(815301076,1909f56bfc062723c751e8b465ee728b)  -> (artifact id: '8e89c6c741281ba41e8a561b1c57fc40') in 0.005682 seconds 
  Import took 0.008842 seconds .

========================================================================
Received Prepare
Registering precompiled user dll's ...
Registered in 0.170600 seconds.
Begin MonoManager ReloadAssembly
Native extension for WindowsStandalone target not found
Refreshing native plugins compatible for Editor in 0.46 ms, found 5 plugins.
Preloading 0 native plugins for Editor in 0.00 ms.
System.ArgumentException: Empty path name is not legal.
  at System.IO.StreamReader..ctor (System.String path, System.Text.Encoding encoding, System.Boolean detectEncodingFromByteOrderMarks, System.Int32 bufferSize, System.Boolean checkHost) [0x00033] in <695d1cc93cca45069c528c15c9fdd749>:0 
  at System.IO.StreamReader..ctor (System.String path, System.Text.Encoding encoding, System.Boolean detectEncodingFromByteOrderMarks, System.Int32 bufferSize) [0x00000] in <695d1cc93cca45069c528c15c9fdd749>:0 
  at System.IO.StreamReader..ctor (System.String path, System.Boolean detectEncodingFromByteOrderMarks) [0x0000d] in <695d1cc93cca45069c528c15c9fdd749>:0 
  at System.IO.StreamReader..ctor (System.String path) [0x00000] in <695d1cc93cca45069c528c15c9fdd749>:0 
  at (wrapper remoting-invoke-with-check) System.IO.StreamReader..ctor(string)
  at InControl.NativeProfileListGenerator.GetFileContents (System.String fileName) [0x00001] in C:\Repos\Visualizer\Vizualizer\Assets\InControl\Editor\NativeProfileListGenerator.cs:75 
  at InControl.NativeProfileListGenerator.PutFileContents (System.String filePath, System.String content) [0x00001] in C:\Repos\Visualizer\Vizualizer\Assets\InControl\Editor\NativeProfileListGenerator.cs:85 
  at InControl.NativeProfileListGenerator.DiscoverProfiles () [0x00115] in C:\Repos\Visualizer\Vizualizer\Assets\InControl\Editor\NativeProfileListGenerator.cs:66 
  at InControl.NativeProfileListGenerator..cctor () [0x0000e] in C:\Repos\Visualizer\Vizualizer\Assets\InControl\Editor\NativeProfileListGenerator.cs:19 
UnityEngine.StackTraceUtility:ExtractStackTrace ()
UnityEngine.DebugLogHandler:LogFormat (UnityEngine.LogType,UnityEngine.Object,string,object[])
UnityEngine.Logger:Log (UnityEngine.LogType,object)
UnityEngine.Debug:LogError (object)
UnityEditor.EditorAssemblies:ProcessInitializeOnLoadAttributes (System.Type[])

System.ArgumentException: Empty path name is not legal.
  at System.IO.StreamReader..ctor (System.String path, System.Text.Encoding encoding, System.Boolean detectEncodingFromByteOrderMarks, System.Int32 bufferSize, System.Boolean checkHost) [0x00033] in <695d1cc93cca45069c528c15c9fdd749>:0 
  at System.IO.StreamReader..ctor (System.String path, System.Text.Encoding encoding, System.Boolean detectEncodingFromByteOrderMarks, System.Int32 bufferSize) [0x00000] in <695d1cc93cca45069c528c15c9fdd749>:0 
  at System.IO.StreamReader..ctor (System.String path, System.Boolean detectEncodingFromByteOrderMarks) [0x0000d] in <695d1cc93cca45069c528c15c9fdd749>:0 
  at System.IO.StreamReader..ctor (System.String path) [0x00000] in <695d1cc93cca45069c528c15c9fdd749>:0 
  at (wrapper remoting-invoke-with-check) System.IO.StreamReader..ctor(string)
  at InControl.UnityProfileListGenerator.GetFileContents (System.String fileName) [0x00001] in C:\Repos\Visualizer\Vizualizer\Assets\InControl\Editor\UnityProfileListGenerator.cs:75 
  at InControl.UnityProfileListGenerator.PutFileContents (System.String filePath, System.String content) [0x00001] in C:\Repos\Visualizer\Vizualizer\Assets\InControl\Editor\UnityProfileListGenerator.cs:84 
  at InControl.UnityProfileListGenerator.DiscoverProfiles () [0x00115] in C:\Repos\Visualizer\Vizualizer\Assets\InControl\Editor\UnityProfileListGenerator.cs:66 
  at InControl.UnityProfileListGenerator..cctor () [0x0000e] in C:\Repos\Visualizer\Vizualizer\Assets\InControl\Editor\UnityProfileListGenerator.cs:19 
UnityEngine.StackTraceUtility:ExtractStackTrace ()
UnityEngine.DebugLogHandler:LogFormat (UnityEngine.LogType,UnityEngine.Object,string,object[])
UnityEngine.Logger:Log (UnityEngine.LogType,object)
UnityEngine.Debug:LogError (object)
UnityEditor.EditorAssemblies:ProcessInitializeOnLoadAttributes (System.Type[])

Mono: successfully reloaded assembly
- Completed reload, in  0.863 seconds
Domain Reload Profiling:
	ReloadAssembly (864ms)
		BeginReloadAssembly (75ms)
			ExecutionOrderSort (0ms)
			DisableScriptedObjects (3ms)
			BackupInstance (0ms)
			ReleaseScriptingObjects (0ms)
			CreateAndSetChildDomain (23ms)
		EndReloadAssembly (749ms)
			LoadAssemblies (57ms)
			RebuildTransferFunctionScriptingTraits (0ms)
			SetupTypeCache (179ms)
			ReleaseScriptCaches (1ms)
			RebuildScriptCaches (43ms)
			SetupLoadedEditorAssemblies (405ms)
				LogAssemblyErrors (0ms)
				InitializePlatformSupportModulesInManaged (4ms)
				SetLoadedEditorAssemblies (0ms)
				RefreshPlugins (1ms)
				BeforeProcessingInitializeOnLoad (52ms)
				ProcessInitializeOnLoadAttributes (343ms)
				ProcessInitializeOnLoadMethodAttributes (3ms)
				AfterProcessingInitializeOnLoad (3ms)
				EditorAssembliesLoaded (0ms)
			ExecutionOrderSort2 (0ms)
			AwakeInstancesAfterBackupRestoration (6ms)
Platform modules already initialized, skipping
Refreshing native plugins compatible for Editor in 0.53 ms, found 5 plugins.
Preloading 0 native plugins for Editor in 0.00 ms.
Unloading 2314 Unused Serialized files (Serialized files now loaded: 0)
System memory in use before: 122.6 MB.
System memory in use after: 122.7 MB.

Unloading 197 unused Assets to reduce memory usage. Loaded Objects now: 3242.
Total: 2.996500 ms (FindLiveObjects: 0.184100 ms CreateObjectMapping: 0.076900 ms MarkObjects: 2.609900 ms  DeleteObjects: 0.125000 ms)

AssetImportParameters requested are different than current active one (requested -> active):
  custom:framework-win-MediaFoundation: 216162199b28c13a410421893ffa2e32 -> 
  custom:video-decoder-ogg-theora: a1e56fd34408186e4bbccfd4996cb3dc -> 
  custom:container-muxer-webm: aa71ff27fc2769a1b78a27578f13a17b -> 
  custom:container-demuxer-webm: 4f35f7cbe854078d1ac9338744f61a02 -> 
  custom:container-demuxer-ogg: 62fdf1f143b41e24485cea50d1cbac27 -> 
  custom:video-encoder-webm-vp8: eb34c28f22e8b96e1ab97ce403110664 -> 
  custom:video-codec-MediaFoundation-h265: 746d11721c4dcdbdad8f713fa42b33f4 -> 
  custom:video-decoder-webm-vp8: 9c59270c3fd7afecdb556c50c9e8de78 -> 
  custom:audio-decoder-ogg-vorbis: bf7c407c2cedff20999df2af8eb42d56 -> 
  custom:audio-encoder-webm-vorbis: bf7c407c2cedff20999df2af8eb42d56 -> 
========================================================================
Received Import Request.
  Time since last request: 79.738924 seconds.
  path: Assets/PostProcessing
  artifactKey: Guid(486b599f1c67245e1852feb3f9377a55) Importer(815301076,1909f56bfc062723c751e8b465ee728b)
Start importing Assets/PostProcessing using Guid(486b599f1c67245e1852feb3f9377a55) Importer(815301076,1909f56bfc062723c751e8b465ee728b)  -> (artifact id: '43306c4ba80e1b719b5a0dc260d7889d') in 0.007376 seconds 
  Import took 0.010152 seconds .

========================================================================
Received Prepare
Registering precompiled user dll's ...
Registered in 0.003065 seconds.
Begin MonoManager ReloadAssembly
Native extension for WindowsStandalone target not found
Refreshing native plugins compatible for Editor in 0.56 ms, found 5 plugins.
Preloading 0 native plugins for Editor in 0.00 ms.
System.ArgumentException: Empty path name is not legal.
  at System.IO.StreamReader..ctor (System.String path, System.Text.Encoding encoding, System.Boolean detectEncodingFromByteOrderMarks, System.Int32 bufferSize, System.Boolean checkHost) [0x00033] in <695d1cc93cca45069c528c15c9fdd749>:0 
  at System.IO.StreamReader..ctor (System.String path, System.Text.Encoding encoding, System.Boolean detectEncodingFromByteOrderMarks, System.Int32 bufferSize) [0x00000] in <695d1cc93cca45069c528c15c9fdd749>:0 
  at System.IO.StreamReader..ctor (System.String path, System.Boolean detectEncodingFromByteOrderMarks) [0x0000d] in <695d1cc93cca45069c528c15c9fdd749>:0 
  at System.IO.StreamReader..ctor (System.String path) [0x00000] in <695d1cc93cca45069c528c15c9fdd749>:0 
  at (wrapper remoting-invoke-with-check) System.IO.StreamReader..ctor(string)
  at InControl.NativeProfileListGenerator.GetFileContents (System.String fileName) [0x00001] in C:\Repos\Visualizer\Vizualizer\Assets\InControl\Editor\NativeProfileListGenerator.cs:75 
  at InControl.NativeProfileListGenerator.PutFileContents (System.String filePath, System.String content) [0x00001] in C:\Repos\Visualizer\Vizualizer\Assets\InControl\Editor\NativeProfileListGenerator.cs:85 
  at InControl.NativeProfileListGenerator.DiscoverProfiles () [0x00115] in C:\Repos\Visualizer\Vizualizer\Assets\InControl\Editor\NativeProfileListGenerator.cs:66 
  at InControl.NativeProfileListGenerator..cctor () [0x0000e] in C:\Repos\Visualizer\Vizualizer\Assets\InControl\Editor\NativeProfileListGenerator.cs:19 
UnityEngine.StackTraceUtility:ExtractStackTrace ()
UnityEngine.DebugLogHandler:LogFormat (UnityEngine.LogType,UnityEngine.Object,string,object[])
UnityEngine.Logger:Log (UnityEngine.LogType,object)
UnityEngine.Debug:LogError (object)
UnityEditor.EditorAssemblies:ProcessInitializeOnLoadAttributes (System.Type[])

System.ArgumentException: Empty path name is not legal.
  at System.IO.StreamReader..ctor (System.String path, System.Text.Encoding encoding, System.Boolean detectEncodingFromByteOrderMarks, System.Int32 bufferSize, System.Boolean checkHost) [0x00033] in <695d1cc93cca45069c528c15c9fdd749>:0 
  at System.IO.StreamReader..ctor (System.String path, System.Text.Encoding encoding, System.Boolean detectEncodingFromByteOrderMarks, System.Int32 bufferSize) [0x00000] in <695d1cc93cca45069c528c15c9fdd749>:0 
  at System.IO.StreamReader..ctor (System.String path, System.Boolean detectEncodingFromByteOrderMarks) [0x0000d] in <695d1cc93cca45069c528c15c9fdd749>:0 
  at System.IO.StreamReader..ctor (System.String path) [0x00000] in <695d1cc93cca45069c528c15c9fdd749>:0 
  at (wrapper remoting-invoke-with-check) System.IO.StreamReader..ctor(string)
  at InControl.UnityProfileListGenerator.GetFileContents (System.String fileName) [0x00001] in C:\Repos\Visualizer\Vizualizer\Assets\InControl\Editor\UnityProfileListGenerator.cs:75 
  at InControl.UnityProfileListGenerator.PutFileContents (System.String filePath, System.String content) [0x00001] in C:\Repos\Visualizer\Vizualizer\Assets\InControl\Editor\UnityProfileListGenerator.cs:84 
  at InControl.UnityProfileListGenerator.DiscoverProfiles () [0x00115] in C:\Repos\Visualizer\Vizualizer\Assets\InControl\Editor\UnityProfileListGenerator.cs:66 
  at InControl.UnityProfileListGenerator..cctor () [0x0000e] in C:\Repos\Visualizer\Vizualizer\Assets\InControl\Editor\UnityProfileListGenerator.cs:19 
UnityEngine.StackTraceUtility:ExtractStackTrace ()
UnityEngine.DebugLogHandler:LogFormat (UnityEngine.LogType,UnityEngine.Object,string,object[])
UnityEngine.Logger:Log (UnityEngine.LogType,object)
UnityEngine.Debug:LogError (object)
UnityEditor.EditorAssemblies:ProcessInitializeOnLoadAttributes (System.Type[])

Mono: successfully reloaded assembly
- Completed reload, in  0.860 seconds
Domain Reload Profiling:
	ReloadAssembly (860ms)
		BeginReloadAssembly (72ms)
			ExecutionOrderSort (0ms)
			DisableScriptedObjects (4ms)
			BackupInstance (0ms)
			ReleaseScriptingObjects (0ms)
			CreateAndSetChildDomain (22ms)
		EndReloadAssembly (747ms)
			LoadAssemblies (56ms)
			RebuildTransferFunctionScriptingTraits (0ms)
			SetupTypeCache (175ms)
			ReleaseScriptCaches (1ms)
			RebuildScriptCaches (40ms)
			SetupLoadedEditorAssemblies (412ms)
				LogAssemblyErrors (0ms)
				InitializePlatformSupportModulesInManaged (4ms)
				SetLoadedEditorAssemblies (0ms)
				RefreshPlugins (1ms)
				BeforeProcessingInitializeOnLoad (51ms)
				ProcessInitializeOnLoadAttributes (350ms)
				ProcessInitializeOnLoadMethodAttributes (3ms)
				AfterProcessingInitializeOnLoad (3ms)
				EditorAssembliesLoaded (0ms)
			ExecutionOrderSort2 (0ms)
			AwakeInstancesAfterBackupRestoration (5ms)
Platform modules already initialized, skipping
Refreshing native plugins compatible for Editor in 0.47 ms, found 5 plugins.
Preloading 0 native plugins for Editor in 0.00 ms.
Unloading 2314 Unused Serialized files (Serialized files now loaded: 0)
System memory in use before: 122.2 MB.
System memory in use after: 122.4 MB.

Unloading 32 unused Assets to reduce memory usage. Loaded Objects now: 3244.
Total: 2.774700 ms (FindLiveObjects: 0.161800 ms CreateObjectMapping: 0.063400 ms MarkObjects: 2.532700 ms  DeleteObjects: 0.016000 ms)

AssetImportParameters requested are different than current active one (requested -> active):
  custom:framework-win-MediaFoundation: 216162199b28c13a410421893ffa2e32 -> 
  custom:video-decoder-ogg-theora: a1e56fd34408186e4bbccfd4996cb3dc -> 
  custom:container-muxer-webm: aa71ff27fc2769a1b78a27578f13a17b -> 
  custom:container-demuxer-webm: 4f35f7cbe854078d1ac9338744f61a02 -> 
  custom:container-demuxer-ogg: 62fdf1f143b41e24485cea50d1cbac27 -> 
  custom:video-encoder-webm-vp8: eb34c28f22e8b96e1ab97ce403110664 -> 
  custom:video-codec-MediaFoundation-h265: 746d11721c4dcdbdad8f713fa42b33f4 -> 
  custom:video-decoder-webm-vp8: 9c59270c3fd7afecdb556c50c9e8de78 -> 
  custom:audio-decoder-ogg-vorbis: bf7c407c2cedff20999df2af8eb42d56 -> 
  custom:audio-encoder-webm-vorbis: bf7c407c2cedff20999df2af8eb42d56 -> 
========================================================================
Received Import Request.
  Time since last request: 198.559407 seconds.
  path: Assets/PostEffectsBehaviours/PostVignetteOnly.asset
  artifactKey: Guid(6af171d83a7e845828a32cc5a16da831) Importer(815301076,1909f56bfc062723c751e8b465ee728b)
Start importing Assets/PostEffectsBehaviours/PostVignetteOnly.asset using Guid(6af171d83a7e845828a32cc5a16da831) Importer(815301076,1909f56bfc062723c751e8b465ee728b)  -> (artifact id: 'b2e98269c10e6ab3d536580a1463b985') in 0.080319 seconds 
  Import took 0.084185 seconds .

========================================================================
Received Import Request.
  Time since last request: 15.425373 seconds.
  path: Assets/PostEffectsBehaviours/RedBlueThing.asset
  artifactKey: Guid(d3f06d1cb3ff84669ba7181daa71ab3a) Importer(815301076,1909f56bfc062723c751e8b465ee728b)
Start importing Assets/PostEffectsBehaviours/RedBlueThing.asset using Guid(d3f06d1cb3ff84669ba7181daa71ab3a) Importer(815301076,1909f56bfc062723c751e8b465ee728b)  -> (artifact id: 'da40c99386780c39baa4d83a3e96c504') in 0.006896 seconds 
  Import took 0.010058 seconds .

========================================================================
Received Prepare
Registering precompiled user dll's ...
Registered in 0.002857 seconds.
Begin MonoManager ReloadAssembly
Native extension for WindowsStandalone target not found
Refreshing native plugins compatible for Editor in 0.49 ms, found 5 plugins.
Preloading 0 native plugins for Editor in 0.00 ms.
System.ArgumentException: Empty path name is not legal.
  at System.IO.StreamReader..ctor (System.String path, System.Text.Encoding encoding, System.Boolean detectEncodingFromByteOrderMarks, System.Int32 bufferSize, System.Boolean checkHost) [0x00033] in <695d1cc93cca45069c528c15c9fdd749>:0 
  at System.IO.StreamReader..ctor (System.String path, System.Text.Encoding encoding, System.Boolean detectEncodingFromByteOrderMarks, System.Int32 bufferSize) [0x00000] in <695d1cc93cca45069c528c15c9fdd749>:0 
  at System.IO.StreamReader..ctor (System.String path, System.Boolean detectEncodingFromByteOrderMarks) [0x0000d] in <695d1cc93cca45069c528c15c9fdd749>:0 
  at System.IO.StreamReader..ctor (System.String path) [0x00000] in <695d1cc93cca45069c528c15c9fdd749>:0 
  at (wrapper remoting-invoke-with-check) System.IO.StreamReader..ctor(string)
  at InControl.NativeProfileListGenerator.GetFileContents (System.String fileName) [0x00001] in C:\Repos\Visualizer\Vizualizer\Assets\InControl\Editor\NativeProfileListGenerator.cs:75 
  at InControl.NativeProfileListGenerator.PutFileContents (System.String filePath, System.String content) [0x00001] in C:\Repos\Visualizer\Vizualizer\Assets\InControl\Editor\NativeProfileListGenerator.cs:85 
  at InControl.NativeProfileListGenerator.DiscoverProfiles () [0x00115] in C:\Repos\Visualizer\Vizualizer\Assets\InControl\Editor\NativeProfileListGenerator.cs:66 
  at InControl.NativeProfileListGenerator..cctor () [0x0000e] in C:\Repos\Visualizer\Vizualizer\Assets\InControl\Editor\NativeProfileListGenerator.cs:19 
UnityEngine.StackTraceUtility:ExtractStackTrace ()
UnityEngine.DebugLogHandler:LogFormat (UnityEngine.LogType,UnityEngine.Object,string,object[])
UnityEngine.Logger:Log (UnityEngine.LogType,object)
UnityEngine.Debug:LogError (object)
UnityEditor.EditorAssemblies:ProcessInitializeOnLoadAttributes (System.Type[])

System.ArgumentException: Empty path name is not legal.
  at System.IO.StreamReader..ctor (System.String path, System.Text.Encoding encoding, System.Boolean detectEncodingFromByteOrderMarks, System.Int32 bufferSize, System.Boolean checkHost) [0x00033] in <695d1cc93cca45069c528c15c9fdd749>:0 
  at System.IO.StreamReader..ctor (System.String path, System.Text.Encoding encoding, System.Boolean detectEncodingFromByteOrderMarks, System.Int32 bufferSize) [0x00000] in <695d1cc93cca45069c528c15c9fdd749>:0 
  at System.IO.StreamReader..ctor (System.String path, System.Boolean detectEncodingFromByteOrderMarks) [0x0000d] in <695d1cc93cca45069c528c15c9fdd749>:0 
  at System.IO.StreamReader..ctor (System.String path) [0x00000] in <695d1cc93cca45069c528c15c9fdd749>:0 
  at (wrapper remoting-invoke-with-check) System.IO.StreamReader..ctor(string)
  at InControl.UnityProfileListGenerator.GetFileContents (System.String fileName) [0x00001] in C:\Repos\Visualizer\Vizualizer\Assets\InControl\Editor\UnityProfileListGenerator.cs:75 
  at InControl.UnityProfileListGenerator.PutFileContents (System.String filePath, System.String content) [0x00001] in C:\Repos\Visualizer\Vizualizer\Assets\InControl\Editor\UnityProfileListGenerator.cs:84 
  at InControl.UnityProfileListGenerator.DiscoverProfiles () [0x00115] in C:\Repos\Visualizer\Vizualizer\Assets\InControl\Editor\UnityProfileListGenerator.cs:66 
  at InControl.UnityProfileListGenerator..cctor () [0x0000e] in C:\Repos\Visualizer\Vizualizer\Assets\InControl\Editor\UnityProfileListGenerator.cs:19 
UnityEngine.StackTraceUtility:ExtractStackTrace ()
UnityEngine.DebugLogHandler:LogFormat (UnityEngine.LogType,UnityEngine.Object,string,object[])
UnityEngine.Logger:Log (UnityEngine.LogType,object)
UnityEngine.Debug:LogError (object)
UnityEditor.EditorAssemblies:ProcessInitializeOnLoadAttributes (System.Type[])

Mono: successfully reloaded assembly
- Completed reload, in  0.871 seconds
Domain Reload Profiling:
	ReloadAssembly (871ms)
		BeginReloadAssembly (78ms)
			ExecutionOrderSort (0ms)
			DisableScriptedObjects (3ms)
			BackupInstance (0ms)
			ReleaseScriptingObjects (0ms)
			CreateAndSetChildDomain (24ms)
		EndReloadAssembly (753ms)
			LoadAssemblies (61ms)
			RebuildTransferFunctionScriptingTraits (0ms)
			SetupTypeCache (180ms)
			ReleaseScriptCaches (1ms)
			RebuildScriptCaches (41ms)
			SetupLoadedEditorAssemblies (411ms)
				LogAssemblyErrors (0ms)
				InitializePlatformSupportModulesInManaged (4ms)
				SetLoadedEditorAssemblies (0ms)
				RefreshPlugins (1ms)
				BeforeProcessingInitializeOnLoad (50ms)
				ProcessInitializeOnLoadAttributes (350ms)
				ProcessInitializeOnLoadMethodAttributes (3ms)
				AfterProcessingInitializeOnLoad (3ms)
				EditorAssembliesLoaded (0ms)
			ExecutionOrderSort2 (0ms)
			AwakeInstancesAfterBackupRestoration (5ms)
Platform modules already initialized, skipping
Refreshing native plugins compatible for Editor in 0.49 ms, found 5 plugins.
Preloading 0 native plugins for Editor in 0.00 ms.
Unloading 2314 Unused Serialized files (Serialized files now loaded: 0)
System memory in use before: 122.3 MB.
System memory in use after: 122.5 MB.

Unloading 32 unused Assets to reduce memory usage. Loaded Objects now: 3246.
Total: 2.885800 ms (FindLiveObjects: 0.188100 ms CreateObjectMapping: 0.069300 ms MarkObjects: 2.609200 ms  DeleteObjects: 0.018000 ms)

AssetImportParameters requested are different than current active one (requested -> active):
  custom:framework-win-MediaFoundation: 216162199b28c13a410421893ffa2e32 -> 
  custom:video-decoder-ogg-theora: a1e56fd34408186e4bbccfd4996cb3dc -> 
  custom:container-muxer-webm: aa71ff27fc2769a1b78a27578f13a17b -> 
  custom:container-demuxer-webm: 4f35f7cbe854078d1ac9338744f61a02 -> 
  custom:container-demuxer-ogg: 62fdf1f143b41e24485cea50d1cbac27 -> 
  custom:video-encoder-webm-vp8: eb34c28f22e8b96e1ab97ce403110664 -> 
  custom:video-codec-MediaFoundation-h265: 746d11721c4dcdbdad8f713fa42b33f4 -> 
  custom:video-decoder-webm-vp8: 9c59270c3fd7afecdb556c50c9e8de78 -> 
  custom:audio-decoder-ogg-vorbis: bf7c407c2cedff20999df2af8eb42d56 -> 
  custom:audio-encoder-webm-vorbis: bf7c407c2cedff20999df2af8eb42d56 -> 
